========================================================================================== FAILURES ==========================================================================================
_ test_get_new_command[dnf isntall vim-No such command: isntall. Please use /usr/bin/dnf --help\nIt could be a DNF plugin command, try: "dnf install 'dnf-command(isntall)'"\n-dnf install vim] _

set_help = <function set_help.<locals>._set_text at 0x704dfdaeb670>
output = 'No such command: isntall. Please use /usr/bin/dnf --help\nIt could be a DNF plugin command, try: "dnf install \'dnf-command(isntall)\'"\n', script = 'dnf isntall vim'
result = 'dnf install vim'

    @pytest.mark.parametrize('script, output, result', [
        ('dnf isntall vim', invalid_command('isntall'),
         'dnf install vim'),
        # ('dnf saerch vim', invalid_command('saerch'),
        #  'dnf search vim'),
    ])
    def test_get_new_command(set_help, output, script, result):
        set_help(help_text)
>       assert result in get_new_command(Command(script, output))
E       assert 'dnf install vim' in []
E        +  where [] = get_new_command(Command(script=dnf isntall vim, output=No such command: isntall. Please use /usr/bin/dnf --help\nIt could be a DNF plugin command, try: "dnf install 'dnf-command(isntall)'"\n))
E        +    where Command(script=dnf isntall vim, output=No such command: isntall. Please use /usr/bin/dnf --help\nIt could be a DNF plugin command, try: "dnf install 'dnf-command(isntall)'"\n) = Command('dnf isntall vim', 'No such command: isntall. Please use /usr/bin/dnf --help\nIt could be a DNF plugin command, try: "dnf install \'dnf-command(isntall)\'"\n')

output     = 'No such command: isntall. Please use /usr/bin/dnf --help\nIt could be a DNF plugin command, try: "dnf install \'dnf-command(isntall)\'"\n'
result     = 'dnf install vim'
script     = 'dnf isntall vim'
set_help   = <function set_help.<locals>._set_text at 0x704dfdaeb670>

tests/rules/test_dnf_no_such_command.py:190: AssertionError
================================================================================== 1 failed in 0.17 seconds ==================================================================================