========================================================================================== FAILURES ==========================================================================================
____________________________________________________________________________________ test_match[command0] ____________________________________________________________________________________

command = Command(script=php -t pub -s 0.0.0.0:8080, output=)

    @pytest.mark.parametrize('command', [
        # Command('php -s localhost:8000', ''),
        Command('php -t pub -s 0.0.0.0:8080', '')
    ])
    def test_match(command):
>       assert match(command)
E       assert False
E        +  where False = match(Command(script=php -t pub -s 0.0.0.0:8080, output=))

command    = Command(script=php -t pub -s 0.0.0.0:8080, output=)

tests/rules/test_php_s.py:11: AssertionError
================================================================================== 1 failed in 0.11 seconds ==================================================================================