-- file content from comments6 test data --
@property
# TODO: X
@property
# TODO: Y
# TODO: Z
@property
def foo():
    pass
-- file end
======================================================================
FAIL: test_comment_in_decorator (tests.test_black.BlackTestCase)
----------------------------------------------------------------------
Traceback (most recent call last):
  File "/home/rowaha/.pyenv/versions/3.8.20/lib/python3.8/unittest/mock.py", line 1325, in patched
    return func(*newargs, **newkeywargs)
  File "/home/rowaha/work/llm-fl/BugsInPy/framework/bin/temp/black/tests/test_black.py", line 633, in test_comment_in_decorator
    self.assertFormatEqual(expected, actual)
  File "/home/rowaha/work/llm-fl/BugsInPy/framework/bin/temp/black/tests/test_black.py", line 100, in assertFormatEqual
    self.assertEqual(expected, actual)
AssertionError: '@pro[13 chars]: X\n@property\n# TODO: Y\n# TODO: Z\n@propert[21 chars]ss\n' != '@pro[13 chars]: X\n\n\n@property\n# TODO: Y\n# TODO: Z\n\n\n[29 chars]ss\n'
  @property
  # TODO: X
+ 
+ 
  @property
  # TODO: Y
  # TODO: Z
+ 
+ 
  @property
  def foo():
      pass


----------------------------------------------------------------------
Ran 1 test in 0.011s

FAILED (failures=1)