-- file content from expression.py that was used to test --
print(* [] or [1])
-- file end
======================================================================
ERROR: test_expression_ff (tests.test_black.BlackTestCase)
----------------------------------------------------------------------
Traceback (most recent call last):
  File "/home/rowaha/work/llm-fl/BugsInPy/framework/bin/temp/black/tests/test_black.py", line 152, in test_expression_ff
    self.assertTrue(ff(tmp_file, write_back=black.WriteBack.YES))
  File "/home/rowaha/work/llm-fl/BugsInPy/framework/bin/temp/black/black.py", line 287, in format_file_in_place
    dst_contents = format_file_contents(
  File "/home/rowaha/work/llm-fl/BugsInPy/framework/bin/temp/black/black.py", line 348, in format_file_contents
    dst_contents = format_str(src_contents, line_length=line_length)
  File "/home/rowaha/work/llm-fl/BugsInPy/framework/bin/temp/black/black.py", line 363, in format_str
    src_node = lib2to3_parse(src_contents)
  File "/home/rowaha/work/llm-fl/BugsInPy/framework/bin/temp/black/black.py", line 410, in lib2to3_parse
    raise exc from None
ValueError: Cannot parse: 1:11: print(* [] or [1])

----------------------------------------------------------------------
Ran 1 test in 0.004s

FAILED (errors=1)
(env) rowaha@rowaha